2026-07-15 00:02:43,983 [INFO] LogOutputStream:77 - [STDOUT_REDIRECT] StartTraceHandler.execute(), success : Collect=false
2026-07-15 00:02:48,697 [INFO] LogOutputStream:77 - [STDOUT_REDIRECT] StartTraceHandler.execute(), success : Collect=true
2026-07-15 01:42:48,190 [ERROR] LogOutputStream:75 - [STDERR_REDIRECT] 
2026-07-15 16:03:36,672 [INFO] Activator:176 - 


2026-07-15 16:03:36,673 [INFO] Activator:177 - !SESSION log4j initialized
2026-07-15 16:03:41,772 [INFO] LogOutputStream:77 - [STDOUT_REDIRECT] 
2026-07-15 16:03:43,974 [INFO] ApplicationProperties:184 - Using Application install path: C:\ST\STM32CubeIDE_1.15.1\STM32CubeIDE\plugins\com.st.stm32cube.common.mx_6.11.1.202404110753
2026-07-15 16:03:43,996 [INFO] DbMcusXml:78 - Set database path to: C:\ST\STM32CubeIDE_1.15.1\STM32CubeIDE\plugins\com.st.stm32cube.common.mx_6.11.1.202404110753\\db\/mcu/
2026-07-15 16:03:43,996 [INFO] ApiDb:274 - Set plugin database path to: C:\ST\STM32CubeIDE_1.15.1\STM32CubeIDE\plugins\com.st.stm32cube.common.mx_6.11.1.202404110753\\db\/plugins/boardmanager/
2026-07-15 16:03:43,996 [WARN] ApiDb:259 - Overriding images path with different value:  => C:\ST\STM32CubeIDE_1.15.1\STM32CubeIDE\plugins\com.st.stm32cube.common.mx_6.11.1.202404110753\\db\/plugins/mcufinder/images/
2026-07-15 16:03:44,014 [INFO] ApiDb:250 - Set database path to: C:\Users\Sam\.stmcufinder\plugins\mcufinder//mcu/
2026-07-15 16:03:44,015 [INFO] DbMcusAds:125 - Set database path to: C:\Users\Sam\.stmcufinder\plugins\mcufinder//mcu/
2026-07-15 16:03:44,017 [INFO] CrossReferenceDbSqlite:203 - Set database path to: C:\Users\Sam\.stmcufinder\plugins\mcufinder//mcu/cs/
2026-07-15 16:03:44,132 [INFO] RulesReader:64 - Compatibility file has been processed (297 Rules)
2026-07-15 16:03:44,208 [INFO] DbMcusXml:78 - Set database path to: C:\ST\STM32CubeIDE_1.15.1\STM32CubeIDE\plugins\com.st.stm32cube.common.mx_6.11.1.202404110753\\db\/mcu/
2026-07-15 16:03:44,208 [INFO] ApiDb:274 - Set plugin database path to: C:\ST\STM32CubeIDE_1.15.1\STM32CubeIDE\plugins\com.st.stm32cube.common.mx_6.11.1.202404110753\\db\/plugins/boardmanager/
2026-07-15 16:03:44,208 [INFO] ApiDb:261 - Set plugin images path to: C:\ST\STM32CubeIDE_1.15.1\STM32CubeIDE\plugins\com.st.stm32cube.common.mx_6.11.1.202404110753\\db\/plugins/mcufinder/images/
2026-07-15 16:03:44,208 [WARN] DbFile:41 - Overriding database path with different value: C:\Users\Sam\.stmcufinder\plugins\mcufinder/ => C:\Users\Sam\.stmcufinder\plugins\mcufinder
2026-07-15 16:03:44,208 [INFO] ApiDb:250 - Set database path to: C:\Users\Sam\.stmcufinder\plugins\mcufinder//mcu/
2026-07-15 16:03:44,208 [WARN] DbFile:41 - Overriding database path with different value: C:\Users\Sam\.stmcufinder\plugins\mcufinder/ => C:\Users\Sam\.stmcufinder\plugins\mcufinder
2026-07-15 16:03:44,208 [INFO] DbMcusAds:125 - Set database path to: C:\Users\Sam\.stmcufinder\plugins\mcufinder//mcu/
2026-07-15 16:03:44,208 [WARN] DbFile:41 - Overriding database path with different value: C:\Users\Sam\.stmcufinder\plugins\mcufinder/ => C:\Users\Sam\.stmcufinder\plugins\mcufinder
2026-07-15 16:03:44,208 [WARN] DbFile:41 - Overriding database path with different value: C:\Users\Sam\.stmcufinder\plugins\mcufinder/ => C:\Users\Sam\.stmcufinder\plugins\mcufinder
2026-07-15 16:03:44,208 [INFO] CrossReferenceDbSqlite:203 - Set database path to: C:\Users\Sam\.stmcufinder\plugins\mcufinder//mcu/cs/
2026-07-15 16:03:44,282 [INFO] MainPanel:264 - HeapMemory: 268435456
2026-07-15 16:03:44,392 [INFO] DbMcusXml:78 - Set database path to: C:\ST\STM32CubeIDE_1.15.1\STM32CubeIDE\plugins\com.st.stm32cube.common.mx_6.11.1.202404110753\\db\/mcu/
2026-07-15 16:03:44,392 [INFO] ApiDb:274 - Set plugin database path to: C:\ST\STM32CubeIDE_1.15.1\STM32CubeIDE\plugins\com.st.stm32cube.common.mx_6.11.1.202404110753\\db\/plugins/boardmanager/
2026-07-15 16:03:44,393 [INFO] ApiDb:261 - Set plugin images path to: C:\ST\STM32CubeIDE_1.15.1\STM32CubeIDE\plugins\com.st.stm32cube.common.mx_6.11.1.202404110753\\db\/plugins/mcufinder/images/
2026-07-15 16:03:44,393 [WARN] DbFile:41 - Overriding database path with different value: C:\Users\Sam\.stmcufinder\plugins\mcufinder/ => C:\Users\Sam\.stmcufinder\plugins\mcufinder
2026-07-15 16:03:44,393 [INFO] ApiDb:250 - Set database path to: C:\Users\Sam\.stmcufinder\plugins\mcufinder//mcu/
2026-07-15 16:03:44,393 [WARN] DbFile:41 - Overriding database path with different value: C:\Users\Sam\.stmcufinder\plugins\mcufinder/ => C:\Users\Sam\.stmcufinder\plugins\mcufinder
2026-07-15 16:03:44,393 [INFO] DbMcusAds:125 - Set database path to: C:\Users\Sam\.stmcufinder\plugins\mcufinder//mcu/
2026-07-15 16:03:44,393 [WARN] DbFile:41 - Overriding database path with different value: C:\Users\Sam\.stmcufinder\plugins\mcufinder/ => C:\Users\Sam\.stmcufinder\plugins\mcufinder
2026-07-15 16:03:44,393 [WARN] DbFile:41 - Overriding database path with different value: C:\Users\Sam\.stmcufinder\plugins\mcufinder/ => C:\Users\Sam\.stmcufinder\plugins\mcufinder
2026-07-15 16:03:44,393 [INFO] CrossReferenceDbSqlite:203 - Set database path to: C:\Users\Sam\.stmcufinder\plugins\mcufinder//mcu/cs/
2026-07-15 16:03:44,413 [INFO] ApplicationProperties:184 - Using Application install path: C:\ST\STM32CubeIDE_1.15.1\STM32CubeIDE\plugins\com.st.stm32cube.common.mx_6.11.1.202404110753
2026-07-15 16:03:44,415 [INFO] PluginManage:196 - Search for loadable plugins [exclusion list=, ]
2026-07-15 16:03:44,416 [INFO] PluginManage:310 - Check plugin analytics
2026-07-15 16:03:44,588 [INFO] AnalyticsPlugin:253 - Accepted Software Licenses: STM32CubeMX.6.16.1
2026-07-15 16:03:44,588 [INFO] AnalyticsPlugin:255 - Accepted CMSIS Pack Licenses: 
2026-07-15 16:03:44,588 [INFO] AnalyticsPlugin:257 - Accepted Firmware Licenses: FW.F4.1.28.0
2026-07-15 16:03:44,590 [INFO] PluginManage:359 - Loaded plugin analytics (category:tool,tabindex:-1)
2026-07-15 16:03:44,591 [INFO] PluginManage:310 - Check plugin cadmodel
2026-07-15 16:03:44,607 [INFO] CADModel:105 - Init CAD model plugin
2026-07-15 16:03:44,608 [INFO] PluginManage:359 - Loaded plugin cadmodel (category:power,tabindex:5)
2026-07-15 16:03:44,608 [INFO] PluginManage:310 - Check plugin clock
2026-07-15 16:03:44,643 [INFO] PluginManage:359 - Loaded plugin clock (category:base,tabindex:2)
2026-07-15 16:03:44,643 [INFO] PluginManage:310 - Check plugin ddr
2026-07-15 16:03:44,645 [INFO] PluginManage:359 - Loaded plugin ddr (category:tool,tabindex:6)
2026-07-15 16:03:44,645 [INFO] PluginManage:310 - Check plugin filemanager
2026-07-15 16:03:44,795 [INFO] PluginManage:359 - Loaded plugin filemanager (category:base,tabindex:10)
2026-07-15 16:03:44,795 [INFO] PluginManage:310 - Check plugin ipmanager
2026-07-15 16:03:44,801 [INFO] PluginManage:359 - Loaded plugin ipmanager (category:base,tabindex:5)
2026-07-15 16:03:44,801 [INFO] PluginManage:310 - Check plugin lpbam
2026-07-15 16:03:44,816 [INFO] PluginManage:359 - Loaded plugin lpbam (category:base,tabindex:0)
2026-07-15 16:03:44,817 [INFO] PluginManage:310 - Check plugin memorymap
2026-07-15 16:03:44,840 [INFO] PluginManage:359 - Loaded plugin memorymap (category:base,tabindex:4)
2026-07-15 16:03:44,841 [INFO] PluginManage:310 - Check plugin pinoutandconfiguration
2026-07-15 16:03:44,858 [INFO] PluginManage:359 - Loaded plugin pinoutandconfiguration (category:base,tabindex:1)
2026-07-15 16:03:44,858 [INFO] PluginManage:310 - Check plugin pinoutconfig
2026-07-15 16:03:44,956 [WARN] SupportedApi:132 - Cannot load RTOS API schema: s4s-elt-must-match.1: The content of 'definitions' must match (annotation?, (simpleType | complexType)?, (unique | key | keyref)*)). A problem was found starting at: attribute.
2026-07-15 16:03:45,078 [INFO] PluginManage:359 - Loaded plugin pinoutconfig (category:base,tabindex:0)
2026-07-15 16:03:45,078 [INFO] PluginManage:310 - Check plugin power
2026-07-15 16:03:45,099 [INFO] PluginManage:359 - Loaded plugin power (category:power,tabindex:4)
2026-07-15 16:03:45,099 [INFO] PluginManage:310 - Check plugin projectmanager
2026-07-15 16:03:45,111 [INFO] PluginManage:359 - Loaded plugin projectmanager (category:projectmanager,tabindex:3)
2026-07-15 16:03:45,111 [INFO] PluginManage:310 - Check plugin thirdparty
2026-07-15 16:03:45,410 [INFO] PluginManage:359 - Loaded plugin thirdparty (category:base,tabindex:-1)
2026-07-15 16:03:45,410 [WARN] IntegrityCheckThread:84 - waiting for thirdparty lock release [integrity check]
2026-07-15 16:03:45,410 [INFO] PluginManage:310 - Check plugin tools
2026-07-15 16:03:45,410 [INFO] IntegrityCheckThread:86 - entering critical section [integrity check]
2026-07-15 16:03:45,412 [INFO] ThirdPartyUpdaterWithRetryManager:70 - Updater plugin not ready yet. [1/15]
2026-07-15 16:03:45,471 [INFO] PluginManage:359 - Loaded plugin tools (category:base,tabindex:7)
2026-07-15 16:03:45,471 [INFO] PluginManage:310 - Check plugin tutovideos
2026-07-15 16:03:45,683 [INFO] PluginManage:359 - Loaded plugin tutovideos (category:base,tabindex:-1)
2026-07-15 16:03:45,683 [INFO] PluginManage:310 - Check plugin updater
2026-07-15 16:03:45,695 [INFO] PluginManage:359 - Loaded plugin updater (category:base,tabindex:12)
2026-07-15 16:03:45,695 [INFO] PluginManage:310 - Check plugin userauth
2026-07-15 16:03:45,700 [INFO] UserAuth:114 - Init User Auth plugin
2026-07-15 16:03:45,700 [INFO] PluginManage:359 - Loaded plugin userauth (category:base,tabindex:14)
2026-07-15 16:03:45,701 [INFO] PluginManage:283 - PluginManage : Loaded plugins [17]
2026-07-15 16:03:45,920 [INFO] PinOutPanel:1561 - setPackage(No Configuration,No Configuration)
2026-07-15 16:03:46,029 [INFO] CADModel:165 - CPN selected for project level
2026-07-15 16:03:46,029 [INFO] CADModel:114 - Register for checkConnection events
2026-07-15 16:03:46,058 [INFO] IPUIPlugin:80 - create IPUIPlugin
2026-07-15 16:03:46,058 [INFO] PluginManager:220 - loadIPPluginJar : add adc
2026-07-15 16:03:46,113 [INFO] IPUIPlugin:80 - create IPUIPlugin
2026-07-15 16:03:46,113 [INFO] PluginManager:220 - loadIPPluginJar : add aes
2026-07-15 16:03:46,181 [INFO] IPUIPlugin:80 - create IPUIPlugin
2026-07-15 16:03:46,181 [INFO] PluginManager:220 - loadIPPluginJar : add can
2026-07-15 16:03:46,210 [INFO] IPUIPlugin:80 - create IPUIPlugin
2026-07-15 16:03:46,210 [INFO] PluginManager:220 - loadIPPluginJar : add comp
2026-07-15 16:03:46,266 [INFO] IPUIPlugin:80 - create IPUIPlugin
2026-07-15 16:03:46,266 [INFO] PluginManager:220 - loadIPPluginJar : add cryp
2026-07-15 16:03:46,305 [INFO] IPUIPlugin:80 - create IPUIPlugin
2026-07-15 16:03:46,305 [INFO] PluginManager:220 - loadIPPluginJar : add dfsdm
2026-07-15 16:03:46,319 [INFO] IPUIPlugin:80 - create IPUIPlugin
2026-07-15 16:03:46,319 [INFO] PluginManager:220 - loadIPPluginJar : add dma
2026-07-15 16:03:46,374 [INFO] IPUIPlugin:80 - create IPUIPlugin
2026-07-15 16:03:46,374 [INFO] PluginManager:220 - loadIPPluginJar : add dma3
2026-07-15 16:03:46,435 [INFO] IPUIPlugin:80 - create IPUIPlugin
2026-07-15 16:03:46,435 [INFO] PluginManager:220 - loadIPPluginJar : add extmemmanager
2026-07-15 16:03:46,464 [INFO] IPUIPlugin:80 - create IPUIPlugin
2026-07-15 16:03:46,464 [INFO] PluginManager:220 - loadIPPluginJar : add fatfs
2026-07-15 16:03:46,520 [INFO] IPUIPlugin:80 - create IPUIPlugin
2026-07-15 16:03:46,520 [INFO] PluginManager:220 - loadIPPluginJar : add fmc
2026-07-15 16:03:46,535 [INFO] IPUIPlugin:80 - create IPUIPlugin
2026-07-15 16:03:46,535 [INFO] PluginManager:220 - loadIPPluginJar : add freertos
2026-07-15 16:03:46,559 [INFO] IPUIPlugin:80 - create IPUIPlugin
2026-07-15 16:03:46,559 [INFO] PluginManager:220 - loadIPPluginJar : add genericplugin
2026-07-15 16:03:46,666 [INFO] IPUIPlugin:80 - create IPUIPlugin
2026-07-15 16:03:46,666 [INFO] PluginManager:220 - loadIPPluginJar : add gfxmmu
2026-07-15 16:03:46,816 [INFO] IPUIPlugin:80 - create IPUIPlugin
2026-07-15 16:03:46,816 [INFO] PluginManager:220 - loadIPPluginJar : add gic
2026-07-15 16:03:46,830 [INFO] IPUIPlugin:80 - create IPUIPlugin
2026-07-15 16:03:46,830 [INFO] PluginManager:220 - loadIPPluginJar : add gpio
2026-07-15 16:03:46,939 [INFO] IPUIPlugin:80 - create IPUIPlugin
2026-07-15 16:03:46,939 [INFO] PluginManager:220 - loadIPPluginJar : add gtzc
2026-07-15 16:03:46,974 [INFO] IPUIPlugin:80 - create IPUIPlugin
2026-07-15 16:03:46,974 [INFO] PluginManager:220 - loadIPPluginJar : add hash
2026-07-15 16:03:47,033 [INFO] IPUIPlugin:80 - create IPUIPlugin
2026-07-15 16:03:47,033 [INFO] PluginManager:220 - loadIPPluginJar : add i2c
2026-07-15 16:03:47,076 [INFO] IPUIPlugin:80 - create IPUIPlugin
2026-07-15 16:03:47,076 [INFO] PluginManager:220 - loadIPPluginJar : add i2s
2026-07-15 16:03:47,123 [INFO] IPUIPlugin:80 - create IPUIPlugin
2026-07-15 16:03:47,123 [INFO] PluginManager:220 - loadIPPluginJar : add i3c
2026-07-15 16:03:47,245 [INFO] IPUIPlugin:80 - create IPUIPlugin
2026-07-15 16:03:47,245 [INFO] PluginManager:220 - loadIPPluginJar : add ipddr
2026-07-15 16:03:47,353 [INFO] IPUIPlugin:80 - create IPUIPlugin
2026-07-15 16:03:47,353 [INFO] PluginManager:220 - loadIPPluginJar : add linkedlist
2026-07-15 16:03:47,398 [INFO] IPUIPlugin:80 - create IPUIPlugin
2026-07-15 16:03:47,398 [INFO] PluginManager:220 - loadIPPluginJar : add lorawan
2026-07-15 16:03:47,440 [INFO] IPUIPlugin:80 - create IPUIPlugin
2026-07-15 16:03:47,440 [INFO] PluginManager:220 - loadIPPluginJar : add ltdc
2026-07-15 16:03:47,454 [INFO] IPUIPlugin:80 - create IPUIPlugin
2026-07-15 16:03:47,454 [INFO] PluginManager:220 - loadIPPluginJar : add mdma
2026-07-15 16:03:47,466 [INFO] IPUIPlugin:80 - create IPUIPlugin
2026-07-15 16:03:47,466 [INFO] PluginManager:220 - loadIPPluginJar : add nvic
2026-07-15 16:03:47,510 [INFO] IPUIPlugin:80 - create IPUIPlugin
2026-07-15 16:03:47,510 [INFO] PluginManager:220 - loadIPPluginJar : add opamp
2026-07-15 16:03:47,579 [INFO] IPUIPlugin:80 - create IPUIPlugin
2026-07-15 16:03:47,579 [INFO] PluginManager:220 - loadIPPluginJar : add openamp
2026-07-15 16:03:47,628 [INFO] IPUIPlugin:80 - create IPUIPlugin
2026-07-15 16:03:47,628 [INFO] PluginManager:220 - loadIPPluginJar : add pdm2pcm
2026-07-15 16:03:47,640 [INFO] IPUIPlugin:80 - create IPUIPlugin
2026-07-15 16:03:47,642 [INFO] PluginManager:220 - loadIPPluginJar : add plateformsettings
2026-07-15 16:03:47,663 [INFO] IPUIPlugin:80 - create IPUIPlugin
2026-07-15 16:03:47,663 [INFO] PluginManager:220 - loadIPPluginJar : add quadspi
2026-07-15 16:03:47,674 [INFO] IPUIPlugin:80 - create IPUIPlugin
2026-07-15 16:03:47,674 [INFO] PluginManager:220 - loadIPPluginJar : add resmgrutility
2026-07-15 16:03:47,725 [INFO] IPUIPlugin:80 - create IPUIPlugin
2026-07-15 16:03:47,725 [INFO] PluginManager:220 - loadIPPluginJar : add sai
2026-07-15 16:03:47,763 [INFO] IPUIPlugin:80 - create IPUIPlugin
2026-07-15 16:03:47,763 [INFO] PluginManager:220 - loadIPPluginJar : add spi
2026-07-15 16:03:47,846 [INFO] IPUIPlugin:80 - create IPUIPlugin
2026-07-15 16:03:47,847 [INFO] PluginManager:220 - loadIPPluginJar : add stm32_wpan
2026-07-15 16:03:47,868 [INFO] IPUIPlugin:80 - create IPUIPlugin
2026-07-15 16:03:47,868 [INFO] PluginManager:220 - loadIPPluginJar : add tim
2026-07-15 16:03:47,935 [INFO] IPUIPlugin:80 - create IPUIPlugin
2026-07-15 16:03:47,935 [INFO] PluginManager:220 - loadIPPluginJar : add touchsensing
2026-07-15 16:03:47,961 [INFO] IPUIPlugin:80 - create IPUIPlugin
2026-07-15 16:03:47,961 [INFO] PluginManager:220 - loadIPPluginJar : add tracer_emb
2026-07-15 16:03:47,986 [INFO] IPUIPlugin:80 - create IPUIPlugin
2026-07-15 16:03:47,986 [INFO] PluginManager:220 - loadIPPluginJar : add ts
2026-07-15 16:03:48,008 [INFO] IPUIPlugin:80 - create IPUIPlugin
2026-07-15 16:03:48,008 [INFO] PluginManager:220 - loadIPPluginJar : add tsc
2026-07-15 16:03:48,031 [INFO] IPUIPlugin:80 - create IPUIPlugin
2026-07-15 16:03:48,031 [INFO] PluginManager:220 - loadIPPluginJar : add ucpd
2026-07-15 16:03:48,078 [INFO] IPUIPlugin:80 - create IPUIPlugin
2026-07-15 16:03:48,079 [INFO] PluginManager:220 - loadIPPluginJar : add usart
2026-07-15 16:03:48,125 [INFO] IPUIPlugin:80 - create IPUIPlugin
2026-07-15 16:03:48,126 [INFO] PluginManager:220 - loadIPPluginJar : add usbx
2026-07-15 16:03:48,259 [INFO] CADModel:165 - CPN selected for project level
2026-07-15 16:03:48,259 [INFO] CADModel:114 - Register for checkConnection events
2026-07-15 16:03:48,259 [FATAL] Updater:308 - Updater called before beeing initialized
2026-07-15 16:03:48,259 [ERROR] CADModel:125 - Updater not yet initialized, retry later 
2026-07-15 16:03:48,383 [INFO] CADModel:165 - CPN selected for project level
2026-07-15 16:03:48,383 [INFO] CADModel:114 - Register for checkConnection events
2026-07-15 16:03:48,383 [FATAL] Updater:308 - Updater called before beeing initialized
2026-07-15 16:03:48,383 [ERROR] CADModel:125 - Updater not yet initialized, retry later 
2026-07-15 16:03:48,385 [FATAL] Updater:308 - Updater called before beeing initialized
2026-07-15 16:03:48,412 [INFO] ThirdPartyUpdaterWithRetryManager:70 - Updater plugin not ready yet. [2/15]
2026-07-15 16:03:48,487 [FATAL] Updater:308 - Updater called before beeing initialized
2026-07-15 16:03:48,497 [INFO] DbMcusAds:53 - JSON generation date=Thu Sep 30 19:55:09 NZDT 2021 (1632984909247)
2026-07-15 16:03:48,498 [FATAL] Updater:308 - Updater called before beeing initialized
2026-07-15 16:03:48,571 [WARN] DetailPanel:346 - Failed to get advertising image, set to default
2026-07-15 16:03:48,661 [FATAL] Updater:308 - Updater called before beeing initialized
2026-07-15 16:03:48,664 [FATAL] Updater:308 - Updater called before beeing initialized
2026-07-15 16:03:48,664 [FATAL] Updater:308 - Updater called before beeing initialized
2026-07-15 16:03:48,664 [WARN] DetailPanel:346 - Failed to get advertising image, set to default
2026-07-15 16:03:48,664 [FATAL] Updater:308 - Updater called before beeing initialized
2026-07-15 16:03:48,727 [ERROR] Updater:1120 - MainUpdater not yet initialized. External WinMGr cannot be set.
2026-07-15 16:03:48,743 [INFO] Updater:1056 - Updater Version found : 6.11.1
2026-07-15 16:03:48,762 [INFO] ApplicationProperties:184 - Using Application install path: C:\ST\STM32CubeIDE_1.15.1\STM32CubeIDE\plugins\com.st.stm32cube.common.mx_6.11.1.202404110753
2026-07-15 16:03:50,334 [ERROR] LogOutputStream:75 - [STDERR_REDIRECT] Jul 15, 2026 4:03:50 PM java.util.prefs.WindowsPreferences <init>
2026-07-15 16:03:50,335 [ERROR] LogOutputStream:75 - [STDERR_REDIRECT] WARNING: Could not open/create prefs root node Software\JavaSoft\Prefs at root 0xffffffff80000002. Windows RegCreateKeyEx(...) returned error code 5.
2026-07-15 16:03:50,335 [ERROR] LogOutputStream:75 - [STDERR_REDIRECT] 
2026-07-15 16:03:50,606 [INFO] MainUpdater:2873 - connection check result : 10
2026-07-15 16:03:50,606 [INFO] MainUpdater:290 - Updater Check For Update Now.
2026-07-15 16:03:50,607 [INFO] MicroXplorer:498 - Change Database Version : DB.6.0.111
2026-07-15 16:03:50,622 [INFO] McuFinderGlobals:63 - Set McuFinder mode to 2 (CubeIDE integrated)
2026-07-15 16:03:50,623 [INFO] UserAuth:179 - activating auth plugin
2026-07-15 16:03:50,625 [INFO] UserAuth:415 - Internet connection configuration mode: 1
2026-07-15 16:03:50,648 [INFO] JxBrowserEngine:152 - Initiate JxBrowser Engine with user profile folder
2026-07-15 16:03:50,804 [INFO] CheckServerUpdateThread:120 - End of CheckServer Thread
2026-07-15 16:03:51,567 [WARN] PackLoader:240 - Cannot read IP mode file for STMicroelectronics.FP-SNS-SMARTAG2.1.2.0
2026-07-15 16:03:51,581 [WARN] PackLoader:240 - Cannot read IP mode file for STMicroelectronics.FP-ATR-SIGFOX1.3.2.0
2026-07-15 16:03:51,582 [INFO] ThirdParty:978 - Integrity check success = true
2026-07-15 16:03:51,582 [INFO] IntegrityCheckThread:100 - exiting critical section [integrity check]
2026-07-15 16:03:51,582 [INFO] IntegrityCheckThread:103 - End integrity checks thread
2026-07-15 16:03:54,076 [INFO] WebApp:161 - Instantiating new browser for Auth
2026-07-15 16:03:54,609 [INFO] WebApp:779 - Register for checkConnection events
2026-07-15 16:03:54,609 [INFO] WebApp:414 - Apply proxy settings
2026-07-15 16:03:54,609 [INFO] WebApp:499 - Chromium requires no authentication
2026-07-15 16:03:54,617 [INFO] WebApp:442 - Direct internet connection detected
2026-07-15 16:03:54,759 [INFO] WebApp:192 - Starting web application
2026-07-15 16:03:54,759 [INFO] WebApp:544 - Web application path used C:\ST\STM32CubeIDE_1.15.1\STM32CubeIDE\plugins\com.st.stm32cube.common.mx_6.11.1.202404110753\db\plugins\mcufinder\reactClient1\index.html
