Removed Pin From Net: NetName=X2 Pin=C1-1
Removed Pin From Net: NetName=GND Pin=C1-2
Removed Pin From Net: NetName=GND Pin=C2-1
Removed Pin From Net: NetName=5V Pin=C2-2
Removed Pin From Net: NetName=GND Pin=CON1-1
Removed Pin From Net: NetName=5V Pin=CON1-2
Removed Member From Class: ClassName=TMR_Sensor_Board_CT100LW_Sch Member=CON1
Added Component: Designator=J1(FP-M20-9990245-MFG)
Added Component: Designator=J2(FP-M20-9990245-MFG)
Added Pin To Net: NetName=GND Pin=C1-1
Added Pin To Net: NetName=5V Pin=C1-2
Added Pin To Net: NetName=X2 Pin=C2-1
Added Pin To Net: NetName=GND Pin=C2-2
Add Pin To Net: Unknown Pin: Pin J1-1
Add Pin To Net: Unknown Pin: Pin J1-2
Add Pin To Net: Unknown Pin: Pin J2-1
Add Pin To Net: Unknown Pin: Pin J2-2
Change Class Name : Old Net Name=TMR_Sensor_Board_CT100LW_Sch New Net Name=TMR_RAD_COMPARE
Add Class Member: Failed to add class member : Component J1 M20-9990245
Add Class Member: Failed to add class member : Component J2 M20-9990245
